TN:
SF:/Users/chiamtc/Desktop/Sofware Dev/electron-project/completed_code/central/electron/classes/SerialCommStore.ts
FN:15,(anonymous_0)
FN:19,(anonymous_1)
FN:25,(anonymous_2)
FN:51,(anonymous_3)
FN:55,(anonymous_4)
FN:59,(anonymous_5)
FN:63,(anonymous_6)
FN:67,(anonymous_7)
FNF:8
FNH:8
FNDA:80,(anonymous_0)
FNDA:1,(anonymous_1)
FNDA:83,(anonymous_2)
FNDA:1,(anonymous_3)
FNDA:22,(anonymous_4)
FNDA:11,(anonymous_5)
FNDA:24,(anonymous_6)
FNDA:2,(anonymous_7)
DA:1,1
DA:2,1
DA:6,1
DA:16,80
DA:21,1
DA:22,1
DA:26,83
DA:27,83
DA:32,62
DA:33,62
DA:35,62
DA:36,62
DA:37,62
DA:40,19
DA:41,19
DA:43,2
DA:44,2
DA:46,21
DA:48,83
DA:52,1
DA:56,22
DA:60,11
DA:64,24
DA:68,2
LF:24
LH:24
BRDA:29,0,0,50
BRDA:29,0,1,59
BRDA:29,0,2,62
BRDA:29,0,3,21
BRF:4
BRH:4
end_of_record
TN:
SF:/Users/chiamtc/Desktop/Sofware Dev/electron-project/completed_code/central/electron/classes/Serialize.ts
FN:42,(anonymous_0)
FN:52,(anonymous_1)
FN:64,(anonymous_2)
FN:95,(anonymous_3)
FN:100,(anonymous_4)
FNF:5
FNH:5
FNDA:144,(anonymous_0)
FNDA:144,(anonymous_1)
FNDA:144,(anonymous_2)
FNDA:72,(anonymous_3)
FNDA:72,(anonymous_4)
DA:2,1
DA:3,1
DA:6,1
DA:7,1
DA:9,1
DA:12,1
DA:43,144
DA:44,144
DA:45,144
DA:46,144
DA:47,144
DA:48,144
DA:53,144
DA:54,144
DA:55,144
DA:56,144
DA:57,144
DA:67,8
DA:68,8
DA:69,8
DA:70,8
DA:71,8
DA:73,8
DA:74,8
DA:76,60
DA:77,60
DA:78,60
DA:79,60
DA:80,60
DA:82,60
DA:83,60
DA:85,76
DA:86,76
DA:87,76
DA:88,76
DA:89,76
DA:90,76
DA:96,72
DA:101,72
DA:104,49
DA:105,49
DA:106,49
DA:107,49
DA:111,3
DA:113,1
DA:114,1
DA:118,29
DA:120,1
DA:121,1
DA:125,15
DA:129,23
DA:130,23
LF:52
LH:52
BRDA:66,0,0,8
BRDA:66,0,1,60
BRDA:66,0,2,76
BRDA:123,1,0,15
BRF:4
BRH:4
end_of_record
TN:
SF:/Users/chiamtc/Desktop/Sofware Dev/electron-project/completed_code/central/electron/classes/Serializer.event.ts
FN:15,(anonymous_0)
FN:23,(anonymous_1)
FN:56,(anonymous_2)
FNF:3
FNH:3
FNDA:6,(anonymous_0)
FNDA:6,(anonymous_1)
FNDA:6,(anonymous_2)
DA:1,1
DA:6,1
DA:16,6
DA:17,6
DA:18,6
DA:19,6
DA:20,6
DA:24,6
DA:25,6
DA:28,2
DA:29,2
DA:30,2
DA:31,2
DA:33,2
DA:34,2
DA:35,2
DA:37,2
DA:38,2
DA:39,2
DA:40,2
DA:41,2
DA:42,16
DA:43,16
DA:45,2
DA:47,2
DA:48,2
DA:49,2
DA:50,2
DA:51,2
DA:53,6
DA:57,6
DA:58,6
LF:32
LH:32
BRDA:27,0,0,2
BRDA:27,0,1,2
BRDA:27,0,2,2
BRDA:42,1,0,2
BRDA:42,1,1,14
BRF:5
BRH:5
end_of_record
TN:
SF:/Users/chiamtc/Desktop/Sofware Dev/electron-project/completed_code/central/electron/classes/Serializer.get.ts
FN:17,(anonymous_0)
FN:26,(anonymous_1)
FN:99,(anonymous_2)
FNF:3
FNH:3
FNDA:39,(anonymous_0)
FNDA:39,(anonymous_1)
FNDA:39,(anonymous_2)
DA:1,1
DA:6,1
DA:18,39
DA:19,39
DA:20,39
DA:21,39
DA:22,39
DA:28,39
DA:29,39
DA:32,2
DA:33,2
DA:34,2
DA:35,2
DA:37,2
DA:38,2
DA:39,2
DA:40,2
DA:42,2
DA:43,2
DA:44,2
DA:45,2
DA:47,2
DA:48,2
DA:49,2
DA:50,2
DA:52,2
DA:53,2
DA:54,2
DA:55,2
DA:57,2
DA:58,2
DA:59,2
DA:60,2
DA:62,21
DA:63,21
DA:64,21
DA:66,2
DA:67,2
DA:68,12
DA:70,2
DA:71,2
DA:72,2
DA:74,2
DA:75,2
DA:76,2
DA:77,2
DA:78,2
DA:79,16
DA:80,16
DA:82,2
DA:84,2
DA:85,2
DA:86,2
DA:87,2
DA:88,2
DA:90,2
DA:91,2
DA:92,2
DA:93,2
DA:95,39
DA:100,39
DA:101,39
LF:62
LH:62
BRDA:31,0,0,2
BRDA:31,0,1,2
BRDA:31,0,2,2
BRDA:31,0,3,2
BRDA:31,0,4,2
BRDA:31,0,5,2
BRDA:31,0,6,21
BRDA:31,0,7,2
BRDA:31,0,8,2
BRDA:31,0,9,2
BRDA:68,1,0,2
BRDA:68,1,1,10
BRDA:68,2,0,2
BRDA:68,2,1,10
BRDA:79,3,0,2
BRDA:79,3,1,14
BRF:16
BRH:16
end_of_record
TN:
SF:/Users/chiamtc/Desktop/Sofware Dev/electron-project/completed_code/central/electron/classes/Serializer.set.ts
FN:16,(anonymous_0)
FN:23,(anonymous_1)
FNF:2
FNH:2
FNDA:21,(anonymous_0)
FNDA:21,(anonymous_1)
DA:1,1
DA:2,1
DA:8,1
DA:17,21
DA:18,21
DA:19,21
DA:20,21
DA:26,2
DA:27,2
DA:31,11
DA:32,11
DA:33,11
DA:35,6
DA:38,4
DA:39,4
DA:40,4
DA:41,24
DA:42,24
DA:44,4
DA:47,2
DA:48,2
DA:50,6
DA:52,2
DA:53,2
DA:55,21
LF:25
LH:25
BRDA:25,0,0,2
BRDA:25,0,1,11
BRDA:25,0,2,6
BRDA:25,0,3,2
BRDA:41,1,0,4
BRDA:41,1,1,20
BRDA:42,2,0,4
BRDA:42,2,1,20
BRF:8
BRH:8
end_of_record
TN:
SF:/Users/chiamtc/Desktop/Sofware Dev/electron-project/completed_code/central/electron/classes/StateOfOperation.ts
FN:32,(anonymous_0)
FN:36,(anonymous_1)
FN:50,(anonymous_2)
FN:74,(anonymous_3)
FN:85,(anonymous_4)
FN:103,(anonymous_5)
FN:117,(anonymous_6)
FN:122,(anonymous_7)
FN:162,(anonymous_8)
FN:167,(anonymous_9)
FN:171,(anonymous_10)
FN:180,(anonymous_11)
FN:198,(anonymous_12)
FN:202,(anonymous_13)
FN:206,(anonymous_14)
FN:231,(anonymous_15)
FN:235,(anonymous_16)
FNF:17
FNH:17
FNDA:130,(anonymous_0)
FNDA:112,(anonymous_1)
FNDA:112,(anonymous_2)
FNDA:12,(anonymous_3)
FNDA:100,(anonymous_4)
FNDA:112,(anonymous_5)
FNDA:12,(anonymous_6)
FNDA:100,(anonymous_7)
FNDA:100,(anonymous_8)
FNDA:100,(anonymous_9)
FNDA:111,(anonymous_10)
FNDA:111,(anonymous_11)
FNDA:111,(anonymous_12)
FNDA:111,(anonymous_13)
FNDA:111,(anonymous_14)
FNDA:111,(anonymous_15)
FNDA:62,(anonymous_16)
DA:1,1
DA:2,1
DA:5,1
DA:33,130
DA:37,112
DA:39,111
DA:40,111
DA:41,111
DA:42,111
DA:44,1
DA:45,1
DA:51,112
DA:56,96
DA:57,96
DA:58,96
DA:59,96
DA:60,96
DA:62,12
DA:63,12
DA:64,12
DA:66,4
DA:67,4
DA:68,4
DA:69,4
DA:70,4
DA:75,12
DA:76,12
DA:77,12
DA:81,12
DA:82,12
DA:86,100
DA:87,100
DA:88,100
DA:89,100
DA:90,100
DA:96,100
DA:97,100
DA:98,100
DA:99,100
DA:100,100
DA:104,112
DA:107,3
DA:109,93
DA:111,12
DA:113,4
DA:119,12
DA:123,100
DA:126,15
DA:128,6
DA:130,37
DA:132,4
DA:134,3
DA:136,3
DA:138,3
DA:140,3
DA:142,3
DA:144,3
DA:146,3
DA:148,3
DA:150,3
DA:152,3
DA:154,3
DA:156,5
DA:158,0
DA:163,100
DA:164,100
DA:168,100
DA:173,111
DA:174,111
DA:175,111
DA:176,111
DA:177,111
DA:181,111
DA:182,111
DA:183,111
DA:184,111
DA:185,111
DA:191,111
DA:192,111
DA:193,111
DA:194,111
DA:195,111
DA:199,111
DA:203,111
DA:207,111
DA:213,7
DA:215,7
DA:217,7
DA:219,9
DA:221,3
DA:223,3
DA:225,3
DA:227,72
DA:232,111
DA:236,62
LF:95
LH:94
BRDA:54,0,0,3
BRDA:54,0,1,96
BRDA:54,0,2,12
BRDA:54,0,3,4
BRDA:98,1,0,98
BRDA:98,1,1,2
BRDA:106,2,0,3
BRDA:106,2,1,93
BRDA:106,2,2,12
BRDA:106,2,3,4
BRDA:125,3,0,15
BRDA:125,3,1,6
BRDA:125,3,2,37
BRDA:125,3,3,4
BRDA:125,3,4,3
BRDA:125,3,5,3
BRDA:125,3,6,3
BRDA:125,3,7,3
BRDA:125,3,8,3
BRDA:125,3,9,3
BRDA:125,3,10,3
BRDA:125,3,11,3
BRDA:125,3,12,3
BRDA:125,3,13,3
BRDA:125,3,14,3
BRDA:125,3,15,5
BRDA:125,3,16,0
BRDA:212,4,0,7
BRDA:212,4,1,7
BRDA:212,4,2,7
BRDA:212,4,3,9
BRDA:212,4,4,3
BRDA:212,4,5,3
BRDA:212,4,6,3
BRDA:212,4,7,72
BRF:35
BRH:34
end_of_record
TN:
SF:/Users/chiamtc/Desktop/Sofware Dev/electron-project/completed_code/central/electron/constants/SerialComm_Constant.ts
FNF:0
FNH:0
DA:1,1
DA:3,1
DA:6,1
DA:7,1
DA:10,1
DA:11,1
DA:12,1
DA:15,1
DA:16,1
DA:17,1
DA:18,1
DA:19,1
DA:20,1
DA:21,1
DA:24,1
DA:25,1
DA:26,1
DA:29,1
DA:30,1
DA:31,1
DA:34,1
DA:35,1
DA:36,1
DA:37,1
DA:38,1
DA:39,1
DA:40,1
DA:41,1
DA:42,1
DA:43,1
DA:46,1
DA:47,1
DA:48,1
DA:49,1
DA:52,1
DA:53,1
DA:54,1
DA:58,1
DA:61,1
DA:64,1
DA:65,1
DA:66,1
DA:67,1
DA:70,1
DA:71,1
DA:72,1
DA:73,1
DA:76,1
DA:77,1
DA:78,1
DA:82,1
DA:83,1
DA:84,1
DA:88,1
DA:89,1
DA:90,1
DA:91,1
DA:92,1
DA:93,1
DA:94,1
DA:95,1
DA:98,1
DA:99,1
DA:100,1
DA:101,1
DA:102,1
DA:103,1
DA:104,1
DA:105,1
DA:106,1
DA:107,1
DA:108,1
DA:109,1
DA:110,1
DA:111,1
DA:112,1
DA:113,1
DA:115,1
DA:116,1
DA:117,1
DA:118,1
DA:119,1
DA:120,1
DA:121,1
DA:122,1
DA:123,1
DA:124,1
DA:125,1
DA:126,1
DA:127,1
DA:128,1
DA:129,1
DA:130,1
DA:132,1
DA:133,1
DA:134,1
DA:135,1
DA:136,1
DA:137,1
DA:138,1
DA:139,1
DA:141,1
DA:142,1
DA:143,1
DA:144,1
DA:145,1
DA:146,1
DA:147,1
DA:148,1
DA:151,1
DA:152,1
DA:155,1
DA:156,1
DA:159,1
LF:114
LH:114
BRF:0
BRH:0
end_of_record
TN:
SF:/Users/chiamtc/Desktop/Sofware Dev/electron-project/completed_code/central/electron/models/Stethee.ts
FN:28,(anonymous_0)
FN:31,(anonymous_1)
FN:35,(anonymous_2)
FN:39,(anonymous_3)
FN:43,(anonymous_4)
FN:47,(anonymous_5)
FN:51,(anonymous_6)
FN:55,(anonymous_7)
FN:59,(anonymous_8)
FN:63,(anonymous_9)
FN:67,(anonymous_10)
FN:71,(anonymous_11)
FN:75,(anonymous_12)
FN:79,(anonymous_13)
FN:83,(anonymous_14)
FN:87,(anonymous_15)
FN:91,(anonymous_16)
FN:95,(anonymous_17)
FN:99,(anonymous_18)
FN:103,(anonymous_19)
FN:107,(anonymous_20)
FN:111,(anonymous_21)
FN:115,(anonymous_22)
FN:119,(anonymous_23)
FN:123,(anonymous_24)
FN:127,(anonymous_25)
FN:131,(anonymous_26)
FN:135,(anonymous_27)
FN:139,(anonymous_28)
FN:143,(anonymous_29)
FN:147,(anonymous_30)
FN:151,(anonymous_31)
FN:155,(anonymous_32)
FN:159,(anonymous_33)
FN:163,(anonymous_34)
FN:167,(anonymous_35)
FN:171,(anonymous_36)
FN:175,(anonymous_37)
FN:179,(anonymous_38)
FN:183,(anonymous_39)
FN:187,(anonymous_40)
FN:191,(anonymous_41)
FN:195,(anonymous_42)
FN:199,(anonymous_43)
FN:203,(anonymous_44)
FN:207,(anonymous_45)
FN:211,(anonymous_46)
FN:215,(anonymous_47)
FNF:48
FNH:47
FNDA:150,(anonymous_0)
FNDA:4,(anonymous_1)
FNDA:3,(anonymous_2)
FNDA:4,(anonymous_3)
FNDA:3,(anonymous_4)
FNDA:4,(anonymous_5)
FNDA:3,(anonymous_6)
FNDA:9,(anonymous_7)
FNDA:12,(anonymous_8)
FNDA:6,(anonymous_9)
FNDA:5,(anonymous_10)
FNDA:6,(anonymous_11)
FNDA:5,(anonymous_12)
FNDA:4,(anonymous_13)
FNDA:3,(anonymous_14)
FNDA:8,(anonymous_15)
FNDA:103,(anonymous_16)
FNDA:10,(anonymous_17)
FNDA:7,(anonymous_18)
FNDA:6,(anonymous_19)
FNDA:5,(anonymous_20)
FNDA:23,(anonymous_21)
FNDA:113,(anonymous_22)
FNDA:36,(anonymous_23)
FNDA:101,(anonymous_24)
FNDA:4,(anonymous_25)
FNDA:103,(anonymous_26)
FNDA:4,(anonymous_27)
FNDA:101,(anonymous_28)
FNDA:21,(anonymous_29)
FNDA:112,(anonymous_30)
FNDA:13,(anonymous_31)
FNDA:112,(anonymous_32)
FNDA:21,(anonymous_33)
FNDA:112,(anonymous_34)
FNDA:13,(anonymous_35)
FNDA:112,(anonymous_36)
FNDA:2,(anonymous_37)
FNDA:112,(anonymous_38)
FNDA:12,(anonymous_39)
FNDA:4,(anonymous_40)
FNDA:6,(anonymous_41)
FNDA:1,(anonymous_42)
FNDA:4,(anonymous_43)
FNDA:0,(anonymous_44)
FNDA:10,(anonymous_45)
FNDA:5,(anonymous_46)
FNDA:4,(anonymous_47)
DA:3,1
DA:32,4
DA:36,3
DA:40,4
DA:44,3
DA:48,4
DA:52,3
DA:56,9
DA:60,12
DA:64,6
DA:68,5
DA:72,6
DA:76,5
DA:80,4
DA:84,3
DA:88,8
DA:92,103
DA:96,10
DA:100,7
DA:104,6
DA:108,5
DA:112,23
DA:116,113
DA:120,36
DA:124,101
DA:128,4
DA:132,103
DA:136,4
DA:140,101
DA:144,21
DA:148,112
DA:152,13
DA:156,112
DA:160,21
DA:164,112
DA:168,13
DA:172,112
DA:176,2
DA:180,112
DA:184,12
DA:188,4
DA:192,6
DA:196,1
DA:200,4
DA:204,0
DA:208,10
DA:212,5
DA:216,4
DA:217,4
DA:220,4
DA:221,4
LF:51
LH:50
BRF:0
BRH:0
end_of_record
TN:
SF:/Users/chiamtc/Desktop/Sofware Dev/electron-project/completed_code/central/electron/utils/Queue.ts
FN:7,(anonymous_0)
FN:13,(anonymous_1)
FN:19,(anonymous_2)
FN:28,(anonymous_3)
FN:32,(anonymous_4)
FN:36,(anonymous_5)
FN:40,(anonymous_6)
FN:44,(anonymous_7)
FN:48,(anonymous_8)
FN:53,(anonymous_9)
FN:92,(anonymous_10)
FN:113,(anonymous_11)
FN:133,(anonymous_12)
FN:172,(anonymous_13)
FN:196,(anonymous_14)
FN:220,(anonymous_15)
FN:233,(anonymous_16)
FN:243,(anonymous_17)
FN:253,(anonymous_18)
FN:257,(anonymous_19)
FN:268,(anonymous_20)
FNF:21
FNH:21
FNDA:161,(anonymous_0)
FNDA:1,(anonymous_1)
FNDA:152,(anonymous_2)
FNDA:151,(anonymous_3)
FNDA:1,(anonymous_4)
FNDA:4,(anonymous_5)
FNDA:1,(anonymous_6)
FNDA:6,(anonymous_7)
FNDA:23,(anonymous_8)
FNDA:4,(anonymous_9)
FNDA:1086,(anonymous_10)
FNDA:2,(anonymous_11)
FNDA:3,(anonymous_12)
FNDA:1,(anonymous_13)
FNDA:1,(anonymous_14)
FNDA:1,(anonymous_15)
FNDA:1,(anonymous_16)
FNDA:1,(anonymous_17)
FNDA:151,(anonymous_18)
FNDA:5,(anonymous_19)
FNDA:1090,(anonymous_20)
DA:1,1
DA:9,161
DA:10,161
DA:13,1
DA:14,1
DA:20,152
DA:23,1072
DA:24,1071
DA:29,151
DA:33,1
DA:37,4
DA:41,1
DA:45,6
DA:49,23
DA:56,2
DA:59,2
DA:60,2
DA:63,1
DA:67,1
DA:68,1
DA:69,1
DA:72,0
DA:74,1
DA:76,1
DA:77,1
DA:80,0
DA:84,0
DA:95,1
DA:98,1085
DA:101,157
DA:103,928
DA:104,928
DA:105,928
DA:108,1085
DA:109,1085
DA:116,0
DA:119,2
DA:122,1
DA:124,1
DA:125,1
DA:126,1
DA:129,2
DA:130,2
DA:134,3
DA:137,1
DA:141,1
DA:142,1
DA:143,1
DA:144,1
DA:145,1
DA:151,0
DA:152,0
DA:153,0
DA:155,1
DA:156,1
DA:157,1
DA:159,1
DA:160,1
DA:163,1
DA:165,0
DA:173,1
DA:177,0
DA:182,0
DA:183,0
DA:187,1
DA:188,1
DA:189,1
DA:192,1
DA:193,1
DA:197,1
DA:201,0
DA:206,0
DA:207,0
DA:211,1
DA:212,1
DA:213,1
DA:216,1
DA:217,1
DA:221,1
DA:222,1
DA:224,1
DA:226,1
DA:227,2
DA:228,2
DA:230,1
DA:234,1
DA:235,0
DA:238,1
DA:240,0
DA:244,1
DA:245,1
DA:246,1
DA:247,1
DA:248,2
DA:250,1
DA:254,151
DA:258,5
DA:259,5
DA:263,1
DA:269,1090
DA:270,1090
DA:271,1090
LF:102
LH:86
BRDA:33,0,0,1
BRDA:33,0,1,0
BRDA:37,1,0,3
BRDA:37,1,1,1
BRDA:41,2,0,1
BRDA:41,2,1,0
BRDA:45,3,0,5
BRDA:45,3,1,1
BRDA:53,4,0,2
BRDA:55,5,0,4
BRDA:55,5,1,2
BRDA:92,6,0,1084
BRDA:94,7,0,1086
BRDA:94,7,1,2
BRDA:113,8,0,1
BRDA:115,9,0,2
BRDA:115,9,1,1
BRDA:234,10,0,0
BRDA:234,10,1,1
BRF:19
BRH:16
end_of_record
TN:
SF:/Users/chiamtc/Desktop/Sofware Dev/electron-project/completed_code/central/electron/utils/SerialCommUtil.ts
FN:4,(anonymous_0)
FN:7,(anonymous_1)
FN:11,(anonymous_2)
FN:15,(anonymous_3)
FN:19,(anonymous_4)
FN:23,(anonymous_5)
FN:27,(anonymous_6)
FN:31,(anonymous_7)
FN:35,(anonymous_8)
FN:39,(anonymous_9)
FNF:10
FNH:10
FNDA:384,(anonymous_0)
FNDA:1,(anonymous_1)
FNDA:99,(anonymous_2)
FNDA:145,(anonymous_3)
FNDA:1,(anonymous_4)
FNDA:63,(anonymous_5)
FNDA:85,(anonymous_6)
FNDA:869,(anonymous_7)
FNDA:1,(anonymous_8)
FNDA:869,(anonymous_9)
DA:1,1
DA:3,1
DA:8,1
DA:12,99
DA:16,145
DA:20,1
DA:24,63
DA:28,85
DA:32,869
DA:36,1
DA:42,869
LF:11
LH:11
BRF:0
BRH:0
end_of_record
